\BOOKMARK [1][-]{section*.6}{\376\377\000D\000A\000N\000H\000\040\000M\036\344\000C\000\040\000K\000\335\000\040\000H\000I\036\306\000U\000\040\000V\000\300\000\040\000C\000H\036\356\000\040\000V\000I\036\276\000T\000\040\000T\036\256\000T}{}% 1
\BOOKMARK [1][-]{section*.7}{\376\377\000D\000A\000N\000H\000\040\000M\036\344\000C\000\040\000K\000\335\000\040\000H\000\314\000N\000H\000\040\000V\036\274}{}% 2
\BOOKMARK [1][-]{section*.8}{\376\377\000D\000A\000N\000H\000\040\000M\036\344\000C\000\040\000B\036\242\000N\000G\000\040\000B\000I\036\302\000U}{}% 3
\BOOKMARK [1][-]{section*.9}{\376\377\000T\000\323\000M\000\040\000T\036\256\000T\000\040\001\020\036\322\000\040\000\301\000N}{}% 4
\BOOKMARK [1][-]{section*.10}{\376\377\000\040\000P\000H\036\246\000N\000\040\000M\036\336\000\040\001\020\036\246\000U}{}% 5
\BOOKMARK [1][-]{section*.10}{\376\377\000\040\001\020\036\267\000t\000\040\000v\036\245\000n\000\040\001\021\036\301}{}% 6
\BOOKMARK [1][-]{section*.11}{\376\377\000\040\001\020\036\301\000\040\000x\000u\036\245\000t\000\040\000h\036\307\000\040\000t\000h\036\321\000n\000g}{}% 7
\BOOKMARK [1][-]{section*.12}{\376\377\000\040\000C\036\245\000u\000\040\000t\000r\000\372\000c\000\040\001\021\036\323\000\040\000\341\000n}{}% 8
\BOOKMARK [1][-]{section*.12}{\376\377\000C\000H\001\257\001\240\000N\000G\000\040\0001\000.\000\040\000T\036\324\000N\000G\000\040\000Q\000U\000A\000N\000\040\000H\036\306\000\040\000T\000H\036\320\000N\000G}{}% 9
\BOOKMARK [2][-]{subsection.1.1}{\376\377\000G\000i\036\333\000i\000\040\000t\000h\000i\036\307\000u}{section*.12}% 10
\BOOKMARK [2][-]{subsection.1.2}{\376\377\000Y\000\352\000u\000\040\000c\036\247\000u\000\040\000h\036\307\000\040\000t\000h\036\321\000n\000g}{section*.12}% 11
\BOOKMARK [3][-]{subsubsection.1.2.1}{\376\377\000Y\000\352\000u\000\040\000c\036\247\000u\000\040\000v\036\301\000\040\000n\000g\001\260\036\335\000i\000\040\000d\000\371\000n\000g\000\040\000h\036\307\000\040\000t\000h\036\321\000n\000g}{subsection.1.2}% 12
\BOOKMARK [3][-]{subsubsection.1.2.2}{\376\377\000Y\000\352\000u\000\040\000c\036\247\000u\000\040\000c\000h\036\351\000c\000\040\000n\001\003\000n\000g}{subsection.1.2}% 13
\BOOKMARK [3][-]{subsubsection.1.2.3}{\376\377\000Y\000\352\000u\000\040\000c\036\247\000u\000\040\000p\000h\000i\000\040\000c\000h\036\351\000c\000\040\000n\001\003\000n\000g}{subsection.1.2}% 14
\BOOKMARK [2][-]{subsection.1.3}{\376\377\000S\001\241\000\040\001\021\036\323\000\040\000u\000s\000e\000\040\000c\000a\000s\000e}{section*.12}% 15
\BOOKMARK [2][-]{subsection.1.4}{\376\377\000S\001\241\000\040\001\021\036\323\000\040\000t\000u\036\247\000n\000\040\000t\036\361}{section*.12}% 16
\BOOKMARK [3][-]{subsubsection.1.4.1}{\376\377\000S\001\241\000\040\001\021\036\323\000\040\000t\000u\036\247\000n\000\040\000t\036\361\000\040\000c\000h\036\351\000c\000\040\000n\001\003\000n\000g\000\040\001\021\001\003\000n\000g\000\040\000k\000\375}{subsection.1.4}% 17
\BOOKMARK [3][-]{subsubsection.1.4.2}{\376\377\000S\001\241\000\040\001\021\036\323\000\040\000t\000u\036\247\000n\000\040\000t\036\361\000\040\000c\000h\036\351\000c\000\040\000n\001\003\000n\000g\000\040\001\021\001\003\000n\000g\000\040\000n\000h\036\255\000p}{subsection.1.4}% 18
\BOOKMARK [3][-]{subsubsection.1.4.3}{\376\377\000S\001\241\000\040\001\021\036\323\000\040\000t\000u\036\247\000n\000\040\000t\036\361\000\040\000c\000h\036\351\000c\000\040\000n\001\003\000n\000g\000\040\000q\000u\000\352\000n\000\040\000m\036\255\000t\000\040\000k\000h\036\251\000u}{subsection.1.4}% 19
\BOOKMARK [3][-]{subsubsection.1.4.4}{\376\377\000S\001\241\000\040\001\021\036\323\000\040\000t\000u\036\247\000n\000\040\000t\036\361\000\040\000c\000h\036\351\000c\000\040\000n\001\003\000n\000g\000\040\000x\000e\000m\000\040\000l\036\313\000c\000h\000\040\000s\036\355\000\040\000c\000\341\000c\000\040\000l\036\247\000n\000\040\001\021\000o}{subsection.1.4}% 20
\BOOKMARK [3][-]{subsubsection.1.4.5}{\376\377\000S\001\241\000\040\001\021\036\323\000\040\000t\000u\036\247\000n\000\040\000t\036\361\000\040\000c\000h\036\351\000c\000\040\000n\001\003\000n\000g\000\040\000x\000e\000m\000\040\000t\000h\000a\000y\000\040\001\021\036\325\000i\000\040\000t\000h\000\364\000n\000g\000\040\000t\000i\000n\000\040\000c\000\341\000\040\000n\000h\000\342\000n}{subsection.1.4}% 21
\BOOKMARK [3][-]{subsubsection.1.4.6}{\376\377\000S\001\241\000\040\001\021\036\323\000\040\000t\000u\036\247\000n\000\040\000t\036\361\000\040\000c\000h\036\351\000c\000\040\000n\001\003\000n\000g\000\040\001\021\036\325\000i\000\040\000m\036\255\000t\000\040\000k\000h\036\251\000u}{subsection.1.4}% 22
\BOOKMARK [3][-]{subsubsection.1.4.7}{\376\377\000S\001\241\000\040\001\021\036\323\000\040\000t\000u\036\247\000n\000\040\000t\036\361\000\040\000c\000h\036\351\000c\000\040\000n\001\003\000n\000g\000\040\000x\000e\000m\000/\000g\036\355\000i\000\040\000t\000i\000n\000\040\000n\000h\036\257\000n}{subsection.1.4}% 23
\BOOKMARK [3][-]{subsubsection.1.4.8}{\376\377\000S\001\241\000\040\001\021\036\323\000\040\000t\000u\036\247\000n\000\040\000t\036\361\000\040\000c\000h\036\351\000c\000\040\000n\001\003\000n\000g\000\040\000x\000e\000m\000\040\000b\000\340\000i\000\040\001\021\001\003\000n\000g\000\040\000t\000i\000n\000\040\000t\036\351\000c}{subsection.1.4}% 24
\BOOKMARK [3][-]{subsubsection.1.4.9}{\376\377\000S\001\241\000\040\001\021\036\323\000\040\000t\000u\036\247\000n\000\040\000t\036\361\000\040\000c\000h\036\351\000c\000\040\000n\001\003\000n\000g\000\040\000b\036\255\000t\000/\000t\036\257\000t\000\040\000B\000l\000u\000e\000t\000o\000o\000t\000h}{subsection.1.4}% 25
\BOOKMARK [3][-]{subsubsection.1.4.10}{\376\377\000S\001\241\000\040\001\021\036\323\000\040\000t\000u\036\247\000n\000\040\000t\036\361\000\040\000c\000h\036\351\000c\000\040\000n\001\003\000n\000g\000\040\000k\036\277\000t\000\040\000n\036\321\000i\000\040\000B\000l\000u\000e\000t\000o\000o\000t\000h\000\040\000v\036\333\000i\000\040\000t\000h\000i\036\277\000t\000\040\000b\036\313\000\040\001\021\000o\000\040\001\021\000i\036\307\000n\000\040\000t\000i\000m}{subsection.1.4}% 26
\BOOKMARK [3][-]{subsubsection.1.4.11}{\376\377\000S\001\241\000\040\001\021\036\323\000\040\000t\000u\036\247\000n\000\040\000t\036\361\000\040\000c\000h\036\351\000c\000\040\000n\001\003\000n\000g\000\040\000n\000g\036\257\000t\000\040\000k\036\277\000t\000\040\000n\036\321\000i\000\040\000B\000l\000u\000e\000t\000o\000o\000t\000h\000\040\000v\036\333\000i\000\040\000t\000h\000i\036\277\000t\000\040\000b\036\313\000\040\001\021\000o\000\040\001\021\000i\036\307\000n\000\040\000t\000i\000m}{subsection.1.4}% 27
\BOOKMARK [3][-]{subsubsection.1.4.12}{\376\377\000S\001\241\000\040\001\021\036\323\000\040\000t\000u\036\247\000n\000\040\000t\036\361\000\040\000c\000h\036\351\000c\000\040\000n\001\003\000n\000g\000\040\000t\000i\036\277\000n\000\040\000h\000\340\000n\000h\000\040\001\021\000o\000\040\001\021\000i\036\307\000n\000\040\000t\000i\000m}{subsection.1.4}% 28
\BOOKMARK [3][-]{subsubsection.1.4.13}{\376\377\000S\001\241\000\040\001\021\036\323\000\040\000t\000u\036\247\000n\000\040\000t\036\361\000\040\000c\000h\036\351\000c\000\040\000n\001\003\000n\000g\000\040\000k\036\277\000t\000\040\000t\000h\000\372\000c\000\040\000q\000u\000\341\000\040\000t\000r\000\354\000n\000h\000\040\001\021\000o\000\040\001\021\000i\036\307\000n\000\040\000t\000i\000m}{subsection.1.4}% 29
\BOOKMARK [2][-]{subsection.1.5}{\376\377\000B\000i\036\303\000u\000\040\001\021\036\323\000\040\000l\036\333\000p}{section*.12}% 30
\BOOKMARK [2][-]{subsection.1.6}{\376\377\000K\000i\036\277\000n\000\040\000t\000r\000\372\000c\000\040\000h\036\307\000\040\000t\000h\036\321\000n\000g}{section*.12}% 31
\BOOKMARK [1][-]{figure.caption.26}{\376\377\000C\000H\001\257\001\240\000N\000G\000\040\0002\000.\000\040\000T\000H\000I\036\276\000T\000\040\000K\036\276\000\040\000H\036\306\000\040\000T\000H\036\320\000N\000G}{}% 32
\BOOKMARK [2][-]{subsection.2.1}{\376\377\000T\000h\000i\036\277\000t\000\040\000k\036\277\000\040\000c\001\241\000\040\000s\036\337\000\040\000d\036\357\000\040\000l\000i\036\307\000u}{figure.caption.26}% 33
\BOOKMARK [3][-]{subsubsection.2.1.1}{\376\377\000X\000\342\000y\000\040\000d\036\361\000n\000g\000\040\000m\000\364\000\040\000h\000\354\000n\000h\000\040\000t\000h\036\361\000c\000\040\000t\000h\036\303\000\040\000l\000i\000\352\000n\000\040\000k\036\277\000t}{subsection.2.1}% 34
\BOOKMARK [3][-]{subsubsection.2.1.2}{\376\377\000C\000h\000u\000y\036\303\000n\000\040\000m\000\364\000\040\000h\000\354\000n\000h\000\040\000t\000h\036\361\000c\000\040\000t\000h\036\303\000\040\000l\000i\000\352\000n\000\040\000k\036\277\000t\000\040\000s\000a\000n\000g\000\040\000m\000\364\000\040\000h\000\354\000n\000h\000\040\000q\000u\000a\000n\000\040\000h\036\307}{subsection.2.1}% 35
\BOOKMARK [3][-]{subsubsection.2.1.3}{\376\377\000M\036\321\000i\000\040\000q\000u\000a\000n\000\040\000h\036\307\000\040\000d\036\357\000\040\000l\000i\036\307\000u}{subsection.2.1}% 36
\BOOKMARK [3][-]{subsubsection.2.1.4}{\376\377\000C\000h\000u\036\251\000n\000\040\000h\000o\000\341\000\040\0003\000N\000F}{subsection.2.1}% 37
\BOOKMARK [3][-]{subsubsection.2.1.5}{\376\377\000T\036\353\000\040\001\021\000i\036\303\000n\000\040\000d\036\357\000\040\000l\000i\036\307\000u}{subsection.2.1}% 38
\BOOKMARK [1][-]{table.caption.35}{\376\377\000C\000H\001\257\001\240\000N\000G\000\040\0003\000.\000\040\000T\000R\000I\036\302\000N\000\040\000K\000H\000A\000I\000\040\000V\000\300\000\040\000K\000I\036\302\000M\000\040\000T\000H\036\354}{}% 39
\BOOKMARK [1][-]{table.caption.35}{\376\377\000C\000H\001\257\001\240\000N\000G\000\040\0004\000.\000\040\000T\000H\000\315\000\040\000N\000G\000H\000I\036\306\000M\000\040\000V\000\300\000\040\000K\036\276\000T\000\040\000Q\000U\036\242}{}% 40
\BOOKMARK [2][-]{subsection.4.1}{\376\377\000A\000B\000F}{table.caption.35}% 41
\BOOKMARK [1][-]{section*.37}{\376\377\000\040\000K\036\276\000T\000\040\000L\000U\036\254\000N}{}% 42
\BOOKMARK [1][-]{section*.37}{\376\377\000\040\000K\036\277\000t\000\040\000l\000u\036\255\000n\000\040\000c\000h\000u\000n\000g}{}% 43
\BOOKMARK [1][-]{section*.38}{\376\377\000\040\000H\001\260\036\333\000n\000g\000\040\000p\000h\000\341\000t\000\040\000t\000r\000i\036\303\000n}{}% 44
\BOOKMARK [1][-]{section*.39}{\376\377\000\040\000K\000i\036\277\000n\000\040\000n\000g\000h\036\313\000\040\000v\000\340\000\040\001\021\036\301\000\040\000x\000u\036\245\000t}{}% 45
\BOOKMARK [1][-]{section*.40}{\376\377\000\040\000T\000\300\000I\000\040\000L\000I\036\306\000U\000\040\000T\000H\000A\000M\000\040\000K\000H\036\242\000O}{}% 46
\BOOKMARK [1][-]{section*.41}{\376\377\000\040\000P\000H\036\344\000\040\000L\036\344\000C}{}% 47
